#
# A fatal error has been detected by the Java Runtime Environment:
#
#  EXCEPTION_ACCESS_VIOLATION (0xc0000005) at pc=0x0000000070571290, pid=18784, tid=0x000000000000350c
#
# JRE version: Java(TM) SE Runtime Environment (8.0_111-b14) (build 1.8.0_111-b14)
# Java VM: Java HotSpot(TM) 64-Bit Server VM (25.111-b14 mixed mode windows-amd64 compressed oops)
# Problematic frame:
# V  [jvm.dll+0x4a1290]
#
# Failed to write core dump. Minidumps are not enabled by default on client versions of Windows
#
# If you would like to submit a bug report, please visit:
#   http://bugreport.java.com/bugreport/crash.jsp
#

---------------  T H R E A D  ---------------

Current thread (0x000000001d697000):  JavaThread "C2 CompilerThread0" daemon [_thread_in_native, id=13580, stack(0x000000001dfa0000,0x000000001e0a0000)]

siginfo: ExceptionCode=0xc0000005, writing address 0x0000000000000000

Registers:
RAX=0x0000000000000000, RBX=0x0000000021e95f10, RCX=0x000000001e09c130, RDX=0x0000000000000004
RSP=0x000000001e09c098, RBP=0x0000000000001aa2, RSI=0x000000001e09c450, RDI=0x0000000000001efe
R8 =0x0000000000000004, R9 =0x000000001ea73e40, R10=0x00000000700d0000, R11=0x0000000021f43f70
R12=0x00000000708eae00, R13=0x00000000201da730, R14=0x0000000000152b50, R15=0x00000000700d0000
RIP=0x0000000070571290, EFLAGS=0x0000000000010246

Top of Stack: (sp=0x000000001e09c098)
0x000000001e09c098:   00000000705399df 000000001e09c470
0x000000001e09c0a8:   0000000021e8bbf0 0000000000001aa2
0x000000001e09c0b8:   000000001e09c450 0000306a00000000
0x000000001e09c0c8:   0000000000000008 0000000021624700
0x000000001e09c0d8:   0000000000000035 00000000210ffaf8
0x000000001e09c0e8:   0000000000000035 0000000021f43e30
0x000000001e09c0f8:   0000345a00000000 0000000000000008
0x000000001e09c108:   0000000021669ae0 0000000000000035
0x000000001e09c118:   000000001eeccc70 0000000000000035
0x000000001e09c128:   0000000021e6a590 00001f0300000000
0x000000001e09c138:   0000000000000008 0000000021622860
0x000000001e09c148:   000000000000001f 00000000215af9f0
0x000000001e09c158:   0000000000000035 000000001e09c470
0x000000001e09c168:   0000000000000035 0000000020bb3a48
0x000000001e09c178:   000000001e09c450 0000000000001aa2
0x000000001e09c188:   0000000021f43e30 0000000000003063 

Instructions: (pc=0x0000000070571290)
0x0000000070571270:   bb 90 00 00 00 72 e9 48 8b 5c 24 40 48 83 c4 20
0x0000000070571280:   5f c3 cc cc cc cc cc cc cc cc cc cc cc cc cc cc
0x0000000070571290:   40 57 48 83 ec 20 48 63 51 08 48 8b f9 83 fa 08
0x00000000705712a0:   73 22 48 8b 41 10 48 8d 0c 90 66 0f 1f 44 00 00 


Register to memory mapping:

RAX=0x0000000000000000 is an unknown value
RBX=0x0000000021e95f10 is an unknown value
RCX=0x000000001e09c130 is pointing into the stack for thread: 0x000000001d697000
RDX=0x0000000000000004 is an unknown value
RSP=0x000000001e09c098 is pointing into the stack for thread: 0x000000001d697000
RBP=0x0000000000001aa2 is an unknown value
RSI=0x000000001e09c450 is pointing into the stack for thread: 0x000000001d697000
RDI=0x0000000000001efe is an unknown value
R8 =0x0000000000000004 is an unknown value
R9 =0x000000001ea73e40 is an unknown value
R10=0x00000000700d0000 is an unknown value
R11=0x0000000021f43f70 is an unknown value
R12=0x00000000708eae00 is an unknown value
R13=0x00000000201da730 is an unknown value
R14=0x0000000000152b50 is an unknown value
R15=0x00000000700d0000 is an unknown value


Stack: [0x000000001dfa0000,0x000000001e0a0000],  sp=0x000000001e09c098,  free space=1008k
Native frames: (J=compiled Java code, j=interpreted, Vv=VM code, C=native code)
V  [jvm.dll+0x4a1290]
V  [jvm.dll+0x4699df]
V  [jvm.dll+0x46b4a8]
V  [jvm.dll+0x46b696]
V  [jvm.dll+0x469224]
V  [jvm.dll+0x4682b4]
V  [jvm.dll+0x47374b]
V  [jvm.dll+0x476057]
V  [jvm.dll+0x4589b2]
V  [jvm.dll+0xa5742]
V  [jvm.dll+0xa607f]
V  [jvm.dll+0x244b7f]
V  [jvm.dll+0x29c43a]
C  [msvcr100.dll+0x21d9f]
C  [msvcr100.dll+0x21e3b]
C  [kernel32.dll+0x159cd]
C  [ntdll.dll+0x5383d]


Current CompileTask:
C2:   4532 2088       4       java.net.URLClassLoader$1::run (5 bytes)


---------------  P R O C E S S  ---------------

Java Threads: ( => current thread )
  0x000000001d718000 JavaThread "Service Thread" daemon [_thread_blocked, id=6924, stack(0x000000001e530000,0x000000001e630000)]
  0x000000001d6a3800 JavaThread "C1 CompilerThread2" daemon [_thread_blocked, id=14372, stack(0x000000001e350000,0x000000001e450000)]
  0x000000001d698000 JavaThread "C2 CompilerThread1" daemon [_thread_blocked, id=9820, stack(0x000000001e110000,0x000000001e210000)]
=>0x000000001d697000 JavaThread "C2 CompilerThread0" daemon [_thread_in_native, id=13580, stack(0x000000001dfa0000,0x000000001e0a0000)]
  0x000000001d67e800 JavaThread "Monitor Ctrl-Break" daemon [_thread_in_native, id=15548, stack(0x000000001dda0000,0x000000001dea0000)]
  0x000000001d666800 JavaThread "Attach Listener" daemon [_thread_blocked, id=18144, stack(0x000000001dc90000,0x000000001dd90000)]
  0x000000001c23f800 JavaThread "Signal Dispatcher" daemon [_thread_blocked, id=19632, stack(0x000000001db30000,0x000000001dc30000)]
  0x000000001c224800 JavaThread "Finalizer" daemon [_thread_blocked, id=19912, stack(0x000000001d560000,0x000000001d660000)]
  0x000000001c1db800 JavaThread "Reference Handler" daemon [_thread_blocked, id=18932, stack(0x000000001d2c0000,0x000000001d3c0000)]
  0x0000000001ebf000 JavaThread "main" [_thread_in_vm, id=18160, stack(0x00000000025b0000,0x00000000026b0000)]

Other Threads:
  0x000000001c1d6000 VMThread [stack: 0x000000001d120000,0x000000001d220000] [id=18360]
  0x000000001d7ab800 WatcherThread [stack: 0x000000001e650000,0x000000001e750000] [id=15576]

VM state:not at safepoint (normal execution)

VM Mutex/Monitor currently owned by a thread: None

Heap:
 PSYoungGen      total 141824K, used 25827K [0x000000076b380000, 0x000000077c880000, 0x00000007c0000000)
  eden space 131072K, 11% used [0x000000076b380000,0x000000076c23a050,0x0000000773380000)
  from space 10752K, 99% used [0x0000000773380000,0x0000000773dfee70,0x0000000773e00000)
  to   space 10752K, 0% used [0x000000077be00000,0x000000077be00000,0x000000077c880000)
 ParOldGen       total 175104K, used 687K [0x00000006c1a00000, 0x00000006cc500000, 0x000000076b380000)
  object space 175104K, 0% used [0x00000006c1a00000,0x00000006c1aabf30,0x00000006cc500000)
 Metaspace       used 20423K, capacity 20718K, committed 20992K, reserved 1067008K
  class space    used 2627K, capacity 2722K, committed 2816K, reserved 1048576K

Card table byte_map: [0x0000000011d40000,0x0000000012540000] byte_map_base: 0x000000000e733000

Marking Bits: (ParMarkBitMap*) 0x00000000708ea6c0
 Begin Bits: [0x0000000013110000, 0x00000000170a8000)
 End Bits:   [0x00000000170a8000, 0x000000001b040000)

Polling page: 0x0000000000240000

CodeCache: size=245760Kb used=8969Kb max_used=8975Kb free=236790Kb
 bounds [0x0000000002980000, 0x0000000003250000, 0x0000000011980000]
 total_blobs=2777 nmethods=2428 adapters=261
 compilation: enabled

Compilation events (10 events):
Event: 4.466 Thread 0x000000001d6a3800 2411       3       java.util.jar.JarFile$JarFileEntry::<init> (11 bytes)
Event: 4.466 Thread 0x000000001d6a3800 nmethod 2411 0x00000000032242d0 code [0x0000000003224440, 0x0000000003224648]
Event: 4.466 Thread 0x000000001d6a3800 2412   !   3       sun.misc.URLClassPath$JarLoader::getResource (85 bytes)
Event: 4.467 Thread 0x000000001d6a3800 nmethod 2412 0x0000000003225890 code [0x0000000003225ae0, 0x00000000032268d8]
Event: 4.467 Thread 0x000000001d6a3800 2414   !   3       java.net.URL::<init> (543 bytes)
Event: 4.470 Thread 0x000000001d6a3800 nmethod 2414 0x0000000003227050 code [0x0000000003227500, 0x000000000322a5f8]
Event: 4.470 Thread 0x000000001d6a3800 2415   !   3       java.util.zip.ZipFile::getEntry (86 bytes)
Event: 4.471 Thread 0x000000001d6a3800 nmethod 2415 0x000000000322c810 code [0x000000000322c9e0, 0x000000000322d038]
Event: 4.471 Thread 0x000000001d6a3800 2413       3       java.util.zip.ZipCoder::getBytes (192 bytes)
Event: 4.472 Thread 0x000000001d6a3800 nmethod 2413 0x000000000322d310 code [0x000000000322d6c0, 0x000000000322f9f8]

GC Heap History (6 events):
Event: 1.316 GC heap before
{Heap before GC invocations=1 (full 0):
 PSYoungGen      total 76288K, used 65536K [0x000000076b380000, 0x0000000770880000, 0x00000007c0000000)
  eden space 65536K, 100% used [0x000000076b380000,0x000000076f380000,0x000000076f380000)
  from space 10752K, 0% used [0x000000076fe00000,0x000000076fe00000,0x0000000770880000)
  to   space 10752K, 0% used [0x000000076f380000,0x000000076f380000,0x000000076fe00000)
 ParOldGen       total 175104K, used 0K [0x00000006c1a00000, 0x00000006cc500000, 0x000000076b380000)
  object space 175104K, 0% used [0x00000006c1a00000,0x00000006c1a00000,0x00000006cc500000)
 Metaspace       used 9605K, capacity 9696K, committed 9984K, reserved 1058816K
  class space    used 1194K, capacity 1242K, committed 1280K, reserved 1048576K
Event: 1.352 GC heap after
Heap after GC invocations=1 (full 0):
 PSYoungGen      total 76288K, used 6069K [0x000000076b380000, 0x0000000774880000, 0x00000007c0000000)
  eden space 65536K, 0% used [0x000000076b380000,0x000000076b380000,0x000000076f380000)
  from space 10752K, 56% used [0x000000076f380000,0x000000076f96d628,0x000000076fe00000)
  to   space 10752K, 0% used [0x0000000773e00000,0x0000000773e00000,0x0000000774880000)
 ParOldGen       total 175104K, used 8K [0x00000006c1a00000, 0x00000006cc500000, 0x000000076b380000)
  object space 175104K, 0% used [0x00000006c1a00000,0x00000006c1a02000,0x00000006cc500000)
 Metaspace       used 9605K, capacity 9696K, committed 9984K, reserved 1058816K
  class space    used 1194K, capacity 1242K, committed 1280K, reserved 1048576K
}
Event: 2.802 GC heap before
{Heap before GC invocations=2 (full 0):
 PSYoungGen      total 76288K, used 71605K [0x000000076b380000, 0x0000000774880000, 0x00000007c0000000)
  eden space 65536K, 100% used [0x000000076b380000,0x000000076f380000,0x000000076f380000)
  from space 10752K, 56% used [0x000000076f380000,0x000000076f96d628,0x000000076fe00000)
  to   space 10752K, 0% used [0x0000000773e00000,0x0000000773e00000,0x0000000774880000)
 ParOldGen       total 175104K, used 8K [0x00000006c1a00000, 0x00000006cc500000, 0x000000076b380000)
  object space 175104K, 0% used [0x00000006c1a00000,0x00000006c1a02000,0x00000006cc500000)
 Metaspace       used 14735K, capacity 14900K, committed 15232K, reserved 1062912K
  class space    used 1839K, capacity 1907K, committed 1920K, reserved 1048576K
Event: 2.921 GC heap after
Heap after GC invocations=2 (full 0):
 PSYoungGen      total 141824K, used 7111K [0x000000076b380000, 0x0000000774880000, 0x00000007c0000000)
  eden space 131072K, 0% used [0x000000076b380000,0x000000076b380000,0x0000000773380000)
  from space 10752K, 66% used [0x0000000773e00000,0x00000007744f1cd0,0x0000000774880000)
  to   space 10752K, 0% used [0x0000000773380000,0x0000000773380000,0x0000000773e00000)
 ParOldGen       total 175104K, used 8K [0x00000006c1a00000, 0x00000006cc500000, 0x000000076b380000)
  object space 175104K, 0% used [0x00000006c1a00000,0x00000006c1a02000,0x00000006cc500000)
 Metaspace       used 14735K, capacity 14900K, committed 15232K, reserved 1062912K
  class space    used 1839K, capacity 1907K, committed 1920K, reserved 1048576K
}
Event: 4.360 GC heap before
{Heap before GC invocations=3 (full 0):
 PSYoungGen      total 141824K, used 138183K [0x000000076b380000, 0x0000000774880000, 0x00000007c0000000)
  eden space 131072K, 100% used [0x000000076b380000,0x0000000773380000,0x0000000773380000)
  from space 10752K, 66% used [0x0000000773e00000,0x00000007744f1cd0,0x0000000774880000)
  to   space 10752K, 0% used [0x0000000773380000,0x0000000773380000,0x0000000773e00000)
 ParOldGen       total 175104K, used 8K [0x00000006c1a00000, 0x00000006cc500000, 0x000000076b380000)
  object space 175104K, 0% used [0x00000006c1a00000,0x00000006c1a02000,0x00000006cc500000)
 Metaspace       used 19213K, capacity 19534K, committed 19840K, reserved 1067008K
  class space    used 2468K, capacity 2562K, committed 2688K, reserved 1048576K
Event: 4.400 GC heap after
Heap after GC invocations=3 (full 0):
 PSYoungGen      total 141824K, used 10747K [0x000000076b380000, 0x000000077c880000, 0x00000007c0000000)
  eden space 131072K, 0% used [0x000000076b380000,0x000000076b380000,0x0000000773380000)
  from space 10752K, 99% used [0x0000000773380000,0x0000000773dfee70,0x0000000773e00000)
  to   space 10752K, 0% used [0x000000077be00000,0x000000077be00000,0x000000077c880000)
 ParOldGen       total 175104K, used 687K [0x00000006c1a00000, 0x00000006cc500000, 0x000000076b380000)
  object space 175104K, 0% used [0x00000006c1a00000,0x00000006c1aabf30,0x00000006cc500000)
 Metaspace       used 19213K, capacity 19534K, committed 19840K, reserved 1067008K
  class space    used 2468K, capacity 2562K, committed 2688K, reserved 1048576K
}

Deoptimization events (10 events):
Event: 4.221 Thread 0x0000000001ebf000 Uncommon trap: reason=bimorphic action=maybe_recompile pc=0x00000000030435e0 method=java.util.concurrent.ConcurrentHashMap.putVal(Ljava/lang/Object;Ljava/lang/Object;Z)Ljava/lang/Object; @ 192
Event: 4.309 Thread 0x0000000001ebf000 Uncommon trap: reason=unstable_if action=reinterpret pc=0x000000000303ed5c method=org.springframework.core.ResolvableType.resolve(Ljava/lang/Class;)Ljava/lang/Class; @ 4
Event: 4.421 Thread 0x0000000001ebf000 Uncommon trap: reason=unstable_if action=reinterpret pc=0x0000000003127b94 method=java.lang.reflect.Method.equals(Ljava/lang/Object;)Z @ 49
Event: 4.422 Thread 0x0000000001ebf000 Uncommon trap: reason=unstable_if action=reinterpret pc=0x0000000003154ec4 method=java.lang.Class.searchMethods([Ljava/lang/reflect/Method;Ljava/lang/String;[Ljava/lang/Class;)Ljava/lang/reflect/Method; @ 47
Event: 4.466 Thread 0x0000000001ebf000 Uncommon trap: reason=unstable_if action=reinterpret pc=0x0000000002d4f10c method=java.util.zip.ZipCoder.getBytes(Ljava/lang/String;)[B @ 32
Event: 4.466 Thread 0x0000000001ebf000 Uncommon trap: reason=unstable_if action=reinterpret pc=0x0000000002d3d93c method=java.util.zip.ZipCoder.getBytes(Ljava/lang/String;)[B @ 32
Event: 4.466 Thread 0x0000000001ebf000 Uncommon trap: reason=unstable_if action=reinterpret pc=0x0000000002b74118 method=java.util.zip.ZipCoder.getBytes(Ljava/lang/String;)[B @ 32
Event: 4.466 Thread 0x0000000001ebf000 Uncommon trap: reason=unstable_if action=reinterpret pc=0x0000000002f3bd48 method=java.net.URL.<init>(Ljava/net/URL;Ljava/lang/String;Ljava/net/URLStreamHandler;)V @ 57
Event: 4.466 Thread 0x0000000001ebf000 Uncommon trap: reason=unstable_if action=reinterpret pc=0x0000000002d1b990 method=java.net.URLStreamHandler.parseURL(Ljava/net/URL;Ljava/lang/String;II)V @ 57
Event: 4.466 Thread 0x0000000001ebf000 Uncommon trap: reason=unstable_if action=reinterpret pc=0x0000000002e3fcd4 method=java.io.WinNTFileSystem.resolve(Ljava/lang/String;Ljava/lang/String;)Ljava/lang/String; @ 19

Internal exceptions (10 events):
Event: 4.451 Thread 0x0000000001ebf000 Exception <a 'java/lang/ClassNotFoundException': org/springframework/context/weaving/LoadTimeWeaverAwareCustomizer> (0x000000076b8baff0) thrown at [C:\re\workspace\8-2-build-windows-amd64-cygwin\jdk8u111\7883\hotspot\src\share\vm\classfile\systemDictionar
Event: 4.451 Thread 0x0000000001ebf000 Exception <a 'java/lang/ClassNotFoundException': org/springframework/beans/factory/FactoryBeanCustomizer> (0x000000076b8d3f30) thrown at [C:\re\workspace\8-2-build-windows-amd64-cygwin\jdk8u111\7883\hotspot\src\share\vm\classfile\systemDictionary.cpp, lin
Event: 4.452 Thread 0x0000000001ebf000 Exception <a 'java/lang/ClassNotFoundException': org/springframework/beans/factory/BeanClassLoaderAwareCustomizer> (0x000000076b8f1c98) thrown at [C:\re\workspace\8-2-build-windows-amd64-cygwin\jdk8u111\7883\hotspot\src\share\vm\classfile\systemDictionary
Event: 4.452 Thread 0x0000000001ebf000 Exception <a 'java/lang/ClassNotFoundException': org/springframework/beans/factory/BeanFactoryAwareCustomizer> (0x000000076b90baf0) thrown at [C:\re\workspace\8-2-build-windows-amd64-cygwin\jdk8u111\7883\hotspot\src\share\vm\classfile\systemDictionary.cpp
Event: 4.453 Thread 0x0000000001ebf000 Exception <a 'java/lang/ClassNotFoundException': org/springframework/beans/factory/BeanNameAwareCustomizer> (0x000000076b924f30) thrown at [C:\re\workspace\8-2-build-windows-amd64-cygwin\jdk8u111\7883\hotspot\src\share\vm\classfile\systemDictionary.cpp, l
Event: 4.453 Thread 0x0000000001ebf000 Exception <a 'java/lang/ClassNotFoundException': org/springframework/beans/factory/InitializingBeanCustomizer> (0x000000076b93eca8) thrown at [C:\re\workspace\8-2-build-windows-amd64-cygwin\jdk8u111\7883\hotspot\src\share\vm\classfile\systemDictionary.cpp
Event: 4.454 Thread 0x0000000001ebf000 Exception <a 'java/lang/ClassNotFoundException': org/springframework/beans/factory/DisposableBeanCustomizer> (0x000000076b9572e0) thrown at [C:\re\workspace\8-2-build-windows-amd64-cygwin\jdk8u111\7883\hotspot\src\share\vm\classfile\systemDictionary.cpp, 
Event: 4.454 Thread 0x0000000001ebf000 Exception <a 'java/lang/ClassNotFoundException': org/springframework/orm/jpa/EntityManagerFactoryInfoCustomizer> (0x000000076b970e28) thrown at [C:\re\workspace\8-2-build-windows-amd64-cygwin\jdk8u111\7883\hotspot\src\share\vm\classfile\systemDictionary.c
Event: 4.455 Thread 0x0000000001ebf000 Exception <a 'java/lang/ClassNotFoundException': org/springframework/dao/support/PersistenceExceptionTranslatorCustomizer> (0x000000076b9968a8) thrown at [C:\re\workspace\8-2-build-windows-amd64-cygwin\jdk8u111\7883\hotspot\src\share\vm\classfile\systemDi
Event: 4.455 Thread 0x0000000001ebf000 Exception <a 'java/lang/ClassNotFoundException': java/io/SerializableCustomizer> (0x000000076b9a00b0) thrown at [C:\re\workspace\8-2-build-windows-amd64-cygwin\jdk8u111\7883\hotspot\src\share\vm\classfile\systemDictionary.cpp, line 210]

Events (10 events):
Event: 4.467 loading class org/hibernate/dialect/MySQLDialect
Event: 4.467 loading class org/hibernate/dialect/MySQLDialect done
Event: 4.468 loading class org/hibernate/dialect/Dialect
Event: 4.468 loading class org/hibernate/dialect/Dialect done
Event: 4.470 loading class org/hibernate/exception/spi/ConversionContext
Event: 4.470 loading class org/hibernate/exception/spi/ConversionContext done
Event: 4.471 loading class org/hibernate/cfg/Environment
Event: 4.471 loading class org/hibernate/cfg/Environment done
Event: 4.472 loading class org/hibernate/cfg/AvailableSettings
Event: 4.472 loading class org/hibernate/cfg/AvailableSettings done


Dynamic libraries:
0x000000013faf0000 - 0x000000013fb27000 	C:\Program Files\Java\jdk1.8.0_111\bin\java.exe
0x0000000077860000 - 0x00000000779ff000 	C:\windows\SYSTEM32\ntdll.dll
0x0000000077740000 - 0x000000007785f000 	C:\windows\system32\kernel32.dll
0x000007fefd550000 - 0x000007fefd5ba000 	C:\windows\system32\KERNELBASE.dll
0x000007fefe6b0000 - 0x000007fefe78b000 	C:\windows\system32\ADVAPI32.dll
0x000007fefdaa0000 - 0x000007fefdb3f000 	C:\windows\system32\msvcrt.dll
0x000007fefe3c0000 - 0x000007fefe3df000 	C:\windows\SYSTEM32\sechost.dll
0x000007fefe220000 - 0x000007fefe34d000 	C:\windows\system32\RPCRT4.dll
0x0000000077640000 - 0x000000007773a000 	C:\windows\system32\USER32.dll
0x000007fefe350000 - 0x000007fefe3b7000 	C:\windows\system32\GDI32.dll
0x000007fefe010000 - 0x000007fefe01e000 	C:\windows\system32\LPK.dll
0x000007fefea40000 - 0x000007fefeb0b000 	C:\windows\system32\USP10.dll
0x000007fefbf70000 - 0x000007fefc164000 	C:\windows\WinSxS\amd64_microsoft.windows.common-controls_6595b64144ccf1df_6.0.7601.18837_none_fa3b1e3d17594757\COMCTL32.dll
0x000007fefdb40000 - 0x000007fefdbb1000 	C:\windows\system32\SHLWAPI.dll
0x000007fefebb0000 - 0x000007fefebde000 	C:\windows\system32\IMM32.DLL
0x000007fefdbd0000 - 0x000007fefdcd9000 	C:\windows\system32\MSCTF.dll
0x0000000078f00000 - 0x0000000078fd2000 	C:\Program Files\Java\jdk1.8.0_111\jre\bin\msvcr100.dll
0x00000000700d0000 - 0x000000007096a000 	C:\Program Files\Java\jdk1.8.0_111\jre\bin\server\jvm.dll
0x000007feef030000 - 0x000007feef039000 	C:\windows\system32\WSOCK32.dll
0x000007fefe7f0000 - 0x000007fefe83d000 	C:\windows\system32\WS2_32.dll
0x000007fefdbc0000 - 0x000007fefdbc8000 	C:\windows\system32\NSI.dll
0x000007fefb690000 - 0x000007fefb6cb000 	C:\windows\system32\WINMM.dll
0x000007fefc980000 - 0x000007fefc98c000 	C:\windows\system32\VERSION.dll
0x0000000077a10000 - 0x0000000077a17000 	C:\windows\system32\PSAPI.DLL
0x0000000074940000 - 0x000000007494f000 	C:\Program Files\Java\jdk1.8.0_111\jre\bin\verify.dll
0x00000000526f0000 - 0x0000000052719000 	C:\Program Files\Java\jdk1.8.0_111\jre\bin\java.dll
0x0000000052490000 - 0x00000000524b3000 	C:\Program Files\Java\jdk1.8.0_111\jre\bin\instrument.dll
0x0000000052a50000 - 0x0000000052a66000 	C:\Program Files\Java\jdk1.8.0_111\jre\bin\zip.dll
0x000007fefebe0000 - 0x000007feff96b000 	C:\windows\system32\SHELL32.dll
0x000007fefe840000 - 0x000007fefea3d000 	C:\windows\system32\ole32.dll
0x000007fefd540000 - 0x000007fefd54f000 	C:\windows\system32\profapi.dll
0x000007fed2f90000 - 0x000007fed2faa000 	C:\Program Files\JetBrains\IntelliJ IDEA 2018.1\bin\breakgen64.dll
0x00000000526d0000 - 0x00000000526ea000 	C:\Program Files\Java\jdk1.8.0_111\jre\bin\net.dll
0x000007fefcd50000 - 0x000007fefcda5000 	C:\windows\system32\mswsock.dll
0x000007fefcdd0000 - 0x000007fefcdd7000 	C:\windows\System32\wship6.dll
0x0000000074950000 - 0x000000007495d000 	C:\Program Files\Java\jdk1.8.0_111\jre\bin\management.dll
0x000007fefb3b0000 - 0x000007fefb3c5000 	C:\windows\system32\NLAapi.dll
0x000007feea740000 - 0x000007feea755000 	C:\windows\system32\napinsp.dll
0x000007feea760000 - 0x000007feea779000 	C:\windows\system32\pnrpnsp.dll
0x000007fefcb00000 - 0x000007fefcb5b000 	C:\windows\system32\DNSAPI.dll
0x000007feea730000 - 0x000007feea73b000 	C:\windows\System32\winrnr.dll
0x000007feea720000 - 0x000007feea730000 	C:\windows\system32\wshbth.dll
0x0000000069990000 - 0x00000000699b6000 	C:\Program Files\Bonjour\mdnsNSP.dll
0x000007fefa5c0000 - 0x000007fefa5e7000 	C:\windows\system32\Iphlpapi.DLL
0x000007fefa5b0000 - 0x000007fefa5bb000 	C:\windows\system32\WINNSI.DLL
0x000007fefc860000 - 0x000007fefc867000 	C:\windows\System32\wshtcpip.dll
0x000007feeefb0000 - 0x000007feeefb8000 	C:\windows\system32\rasadhlp.dll
0x000007fef8dc0000 - 0x000007fef8e13000 	C:\windows\System32\fwpuclnt.dll
0x000007feeed90000 - 0x000007feeeeb5000 	C:\windows\system32\dbghelp.dll

VM Arguments:
jvm_args: -ea -Didea.test.cyclic.buffer.size=1048576 -javaagent:C:\Program Files\JetBrains\IntelliJ IDEA 2018.1\lib\idea_rt.jar=54067:C:\Program Files\JetBrains\IntelliJ IDEA 2018.1\bin -Dfile.encoding=UTF-8 
java_command: com.intellij.rt.execution.junit.JUnitStarter -ideVersion5 -junit4 com.kodilla.hibernate.task.dao.TaskDaoTestSuite,testTaskDaoSave
java_class_path (initial): C:\Program Files\JetBrains\IntelliJ IDEA 2018.1\lib\idea_rt.jar;C:\Program Files\JetBrains\IntelliJ IDEA 2018.1\plugins\junit\lib\junit-rt.jar;C:\Program Files\JetBrains\IntelliJ IDEA 2018.1\plugins\junit\lib\junit5-rt.jar;C:\Program Files\Java\jdk1.8.0_111\jre\lib\charsets.jar;C:\Program Files\Java\jdk1.8.0_111\jre\lib\deploy.jar;C:\Program Files\Java\jdk1.8.0_111\jre\lib\ext\access-bridge-64.jar;C:\Program Files\Java\jdk1.8.0_111\jre\lib\ext\cldrdata.jar;C:\Program Files\Java\jdk1.8.0_111\jre\lib\ext\dnsns.jar;C:\Program Files\Java\jdk1.8.0_111\jre\lib\ext\jaccess.jar;C:\Program Files\Java\jdk1.8.0_111\jre\lib\ext\jfxrt.jar;C:\Program Files\Java\jdk1.8.0_111\jre\lib\ext\localedata.jar;C:\Program Files\Java\jdk1.8.0_111\jre\lib\ext\nashorn.jar;C:\Program Files\Java\jdk1.8.0_111\jre\lib\ext\sunec.jar;C:\Program Files\Java\jdk1.8.0_111\jre\lib\ext\sunjce_provider.jar;C:\Program Files\Java\jdk1.8.0_111\jre\lib\ext\sunmscapi.jar;C:\Program Files\Java\jdk1.8.0_111\jre\lib\ext\sunpkcs11.jar;C:\Program Files\Java\jdk1.8.0_111\jre\lib\ext\zipfs.jar;C:\Program Files\Java\jdk1.8.0_111\jre\lib\javaws.jar;C:\Program Files\Java\jdk1.8.0_111\jre\lib\jce.jar;C:\Program Files\Java\jdk1.8.0_111\jre\lib\jfr.jar;C:\Program Files\Java\jdk1.8.0_111\jre\lib\jfxswt.jar;C:\Program Files\Java\jdk1.8.0_111\jre\lib\jsse.jar;C:\Program Files\Java\jdk1.8.0_111\jre\lib\management-agent.jar;C:\Program Files\Java\jdk1.8.0_111\jre\lib\plugin.jar;C:\Program Files\Java\jdk1.8.0_111\jre\lib\resources.jar;C:\Program Files\Java\jdk1.8.0_111\jre\lib\rt.jar;C:\Users\marcins\IdeaProjects\kodilla-course\kodilla-hibernate\out\test\classes;C:\Users\marcins\IdeaProjects\kodilla-course\kodilla-hibernate\out\production\classes;C:\Users\marcins\IdeaProjects\kodilla-course\kodilla-hibernate\out\production\resources;C:\Users\marcins\.gradle\caches\modules-2\files-2.1\org.springframework.boot\spring-boot-starter-data-jpa\1.5.1.RELEASE\c65567d9300f4b2a5e0ad9ecc3a7696e7d640771\spring-boot
Launcher Type: SUN_STANDARD

Environment Variables:
JAVA_HOME=C:\Program Files\Java\jdk1.8.0_111
PATH=C:\Python3\Scripts\;C:\Python3\;C:\Program Files (x86)\Exact Software\bin;C:\ProgramData\Oracle\Java\javapath;C:\Program Files (x86)\Intel\iCLS Client\;C:\Program Files\Intel\iCLS Client\;C:\windows\system32;C:\windows;C:\windows\System32\Wbem;C:\Program Files\Intel\WiFi\bin\;C:\Program Files\Common Files\Intel\WirelessCommon\;C:\Program Files\Intel\Intel(R) Management Engine Components\DAL;C:\Program Files (x86)\Intel\Intel(R) Management Engine Components\DAL;C:\Program Files\Intel\Intel(R) Management Engine Components\IPT;C:\Program Files (x86)\Intel\Intel(R) Management Engine Components\IPT;C:\windows\System32\WindowsPowerShell\v1.0\;c:\Program Files (x86)\Microsoft SQL Server\100\Tools\Binn\;c:\Program Files\Microsoft SQL Server\100\Tools\Binn\;c:\Program Files\Microsoft SQL Server\100\DTS\Binn\;C:\Program Files\Java\jre1.8.0_111\;C:\Program Files\Java\jdk1.8.0_111\bin;C:\windows\System32\Windows System Resource Manager\bin;C:\Program Files (x86)\Skype\Phone\;C:\Program Files (x86)\Kaspersky Lab\Kaspersky Endpoint Security 10 for Windows SP2\;C:\eg2003\ExcelLibFolder;C:\Program Files (x86)\Windows Kits\8.1\Windows Performance Toolkit\;c:\php7\;C:\ProgramData\ComposerSetup\bin;C:\Program Files\Microsoft SQL Server\110\Tools\Binn\;C:\Program Files (x86)\AOMEI Backupper;C:\Program Files (x86)\Microsoft SQL Server\Client SDK\ODBC\130\Tools\Binn\;C:\Program Files (x86)\Microsoft SQL Server\140\Tools\Binn\;C:\Program Files (x86)\Microsoft SQL Server\140\DTS\Binn\;C:\Program Files (x86)\Microsoft SQL Server\140\Tools\Binn\ManagementStudio\;C:\Program Files\Microsoft\Web Platform Installer\;C:\Program Files\Git\cmd;c:\gradle\gradle-4.6\bin;C:\Users\marcins\AppData\Roaming\Composer\vendor\bin;C:\Program Files\Microsoft VS Code\bin;C:\Program Files\Git\cmd
USERNAME=marcins
OS=Windows_NT
PROCESSOR_IDENTIFIER=Intel64 Family 6 Model 61 Stepping 4, GenuineIntel



---------------  S Y S T E M  ---------------

OS: Windows 7 , 64 bit Build 7601 (6.1.7601.24117)

CPU:total 4 (2 cores per cpu, 2 threads per core) family 6 model 61 stepping 4, cmov, cx8, fxsr, mmx, sse, sse2, sse3, ssse3, sse4.1, sse4.2, popcnt, avx, avx2, aes, clmul, erms, 3dnowpref, lzcnt, ht, tsc, tscinvbit, bmi1, bmi2, adx

Memory: 4k page, physical 16665712k(6049196k free), swap 33329548k(20457768k free)

vm_info: Java HotSpot(TM) 64-Bit Server VM (25.111-b14) for windows-amd64 JRE (1.8.0_111-b14), built on Sep 22 2016 19:24:05 by "java_re" with MS VC++ 10.0 (VS2010)

time: Wed May 30 14:48:50 2018
elapsed time: 4 seconds (0d 0h 0m 4s)

